<?xml version="1.0" encoding="UTF-8"?>
<testng-results ignored="0" total="1" passed="1" failed="0" skipped="0">
  <reporter-output>
  </reporter-output>
  <suite started-at="2023-02-27T11:37:02 CST" name="Default suite" finished-at="2023-02-27T11:37:02 CST" duration-ms="45">
    <groups>
    </groups>
    <test started-at="2023-02-27T11:37:02 CST" name="Default test" finished-at="2023-02-27T11:37:02 CST" duration-ms="45">
      <class name="codding.RemoveCharacter">
        <test-method signature="removeCharacter()[pri:0, instance:codding.RemoveCharacter@446a1e84]" started-at="2023-02-27T11:37:02 CST" name="removeCharacter" finished-at="2023-02-27T11:37:02 CST" duration-ms="7" status="PASS">
          <reporter-output>
          </reporter-output>
        </test-method> <!-- removeCharacter -->
      </class> <!-- codding.RemoveCharacter -->
    </test> <!-- Default test -->
  </suite> <!-- Default suite -->
</testng-results>
